<?xml version="1.0" encoding="UTF-8"?>
<!-- Generated by org.testng.reporters.JUnitReportReporter -->
<testsuite hostname="HPDA0212" name="com.qait.utility.BaseClass" tests="1" failures="0" timestamp="3 Mar 2020 10:49:25 GMT" time="30.836" errors="0">
  <testcase name="baseMethod" time="30.836" classname="com.qait.utility.BaseClass"/>
</testsuite> <!-- com.qait.utility.BaseClass -->
