<?xml version="1.0" encoding="UTF-8"?>
<!-- Generated by org.testng.reporters.JUnitReportReporter -->
<testsuite skipped="0" hostname="qainfotech-Latitude-3490" name="com.qait.utility.BaseClass" tests="1" failures="0" timestamp="2020-03-18T12:23:23 IST" time="36.292" errors="0">
  <testcase name="baseMethod" time="36.292" classname="com.qait.utility.BaseClass"/>
  <system-out/>
</testsuite> <!-- com.qait.utility.BaseClass -->
